This file contains any messages produced by compilers while
running configure, to aid debugging if configure makes a mistake.

It was created by libnsfb configure 1.0.0, which was
generated by GNU Autoconf 2.69.  Invocation command line was

  $ ../configure 

## --------- ##
## Platform. ##
## --------- ##

hostname = SLACK.gijon.local
uname -m = x86_64
uname -r = 5.17.5
uname -s = Linux
uname -v = #1 SMP PREEMPT Wed Apr 27 15:51:32 CDT 2022

/usr/bin/uname -p = Intel(R) Core(TM)2 Duo CPU     E7500  @ 2.93GHz
/bin/uname -X     = unknown

/bin/arch              = x86_64
/usr/bin/arch -k       = unknown
/usr/convex/getsysinfo = unknown
/usr/bin/hostinfo      = unknown
/bin/machine           = unknown
/usr/bin/oslevel       = unknown
/bin/universe          = unknown

PATH: /usr/local/sbin
PATH: /usr/sbin
PATH: /sbin
PATH: /usr/local/bin
PATH: /usr/bin
PATH: /bin
PATH: /usr/games
PATH: /usr/lib64/qt5/bin


## ----------- ##
## Core tests. ##
## ----------- ##

configure:2442: checking for a BSD-compatible install
configure:2510: result: /usr/bin/ginstall -c
configure:2521: checking whether build environment is sane
configure:2576: result: yes
configure:2727: checking for a thread-safe mkdir -p
configure:2766: result: /usr/bin/mkdir -p
configure:2773: checking for gawk
configure:2789: found /usr/bin/gawk
configure:2800: result: gawk
configure:2811: checking whether make sets $(MAKE)
configure:2833: result: yes
configure:2862: checking whether make supports nested variables
configure:2879: result: yes
configure:3038: checking whether make supports the include directive
configure:3053: make -f confmf.GNU && cat confinc.out
this is the am__doit target
configure:3056: $? = 0
configure:3075: result: yes (GNU style)
configure:3145: checking for gcc
configure:3161: found /usr/bin/gcc
configure:3172: result: gcc
configure:3401: checking for C compiler version
configure:3410: gcc --version >&5
gcc (GCC) 11.2.0
Copyright (C) 2021 Free Software Foundation, Inc.
This is free software; see the source for copying conditions.  There is NO
warranty; not even for MERCHANTABILITY or FITNESS FOR A PARTICULAR PURPOSE.

configure:3421: $? = 0
configure:3410: gcc -v >&5
Reading specs from /usr/lib64/gcc/x86_64-slackware-linux/11.2.0/specs
COLLECT_GCC=gcc
COLLECT_LTO_WRAPPER=/usr/libexec/gcc/x86_64-slackware-linux/11.2.0/lto-wrapper
Target: x86_64-slackware-linux
Configured with: ../configure --prefix=/usr --libdir=/usr/lib64 --mandir=/usr/man --infodir=/usr/info --enable-shared --enable-bootstrap --enable-languages=ada,brig,c,c++,d,fortran,go,lto,objc,obj-c++ --enable-threads=posix --enable-checking=release --enable-objc-gc --with-system-zlib --enable-libstdcxx-dual-abi --with-default-libstdcxx-abi=new --disable-libstdcxx-pch --disable-libunwind-exceptions --enable-__cxa_atexit --disable-libssp --enable-gnu-unique-object --enable-plugin --enable-lto --disable-install-libiberty --disable-werror --with-gnu-ld --with-isl --verbose --with-arch-directory=amd64 --disable-gtktest --enable-clocale=gnu --disable-multilib --target=x86_64-slackware-linux --build=x86_64-slackware-linux --host=x86_64-slackware-linux
Thread model: posix
Supported LTO compression algorithms: zlib zstd
gcc version 11.2.0 (GCC) 
configure:3421: $? = 0
configure:3410: gcc -V >&5
gcc: error: unrecognized command-line option '-V'
gcc: fatal error: no input files
compilation terminated.
configure:3421: $? = 1
configure:3410: gcc -qversion >&5
gcc: error: unrecognized command-line option '-qversion'; did you mean '--version'?
gcc: fatal error: no input files
compilation terminated.
configure:3421: $? = 1
configure:3441: checking whether the C compiler works
configure:3463: gcc  -I../../include  conftest.c  >&5
configure:3467: $? = 0
configure:3515: result: yes
configure:3518: checking for C compiler default output file name
configure:3520: result: a.out
configure:3526: checking for suffix of executables
configure:3533: gcc -o conftest  -I../../include  conftest.c  >&5
configure:3537: $? = 0
configure:3559: result: 
configure:3581: checking whether we are cross compiling
configure:3589: gcc -o conftest  -I../../include  conftest.c  >&5
configure:3593: $? = 0
configure:3600: ./conftest
configure:3604: $? = 0
configure:3619: result: no
configure:3624: checking for suffix of object files
configure:3646: gcc -c  -I../../include conftest.c >&5
configure:3650: $? = 0
configure:3671: result: o
configure:3675: checking whether we are using the GNU C compiler
configure:3694: gcc -c  -I../../include conftest.c >&5
configure:3694: $? = 0
configure:3703: result: yes
configure:3712: checking whether gcc accepts -g
configure:3732: gcc -c -g -I../../include conftest.c >&5
configure:3732: $? = 0
configure:3773: result: yes
configure:3790: checking for gcc option to accept ISO C89
configure:3853: gcc  -c -g -O2 -I../../include conftest.c >&5
configure:3853: $? = 0
configure:3866: result: none needed
configure:3891: checking whether gcc understands -c and -o together
configure:3913: gcc -c conftest.c -o conftest2.o
configure:3916: $? = 0
configure:3913: gcc -c conftest.c -o conftest2.o
configure:3916: $? = 0
configure:3928: result: yes
configure:3947: checking dependency style of gcc
configure:4058: result: gcc3
configure:4079: checking how to run the C preprocessor
configure:4110: gcc -E -I../../include conftest.c
configure:4110: $? = 0
configure:4124: gcc -E -I../../include conftest.c
conftest.c:13:10: fatal error: ac_nonexistent.h: No such file or directory
   13 | #include <ac_nonexistent.h>
      |          ^~~~~~~~~~~~~~~~~~
compilation terminated.
configure:4124: $? = 1
configure: failed program was:
| /* confdefs.h */
| #define PACKAGE_NAME "libnsfb"
| #define PACKAGE_TARNAME "libnsfb"
| #define PACKAGE_VERSION "1.0.0"
| #define PACKAGE_STRING "libnsfb 1.0.0"
| #define PACKAGE_BUGREPORT ""
| #define PACKAGE_URL ""
| #define PACKAGE "libnsfb"
| #define VERSION "1.0.0"
| #define BUILD_DATE "Thu Mar  2 15:21:35 CET 2023"
| #define AUTHORS "Jose Angel Caso Sanchez (JACS) jascaso@gijon.es"
| /* end confdefs.h.  */
| #include <ac_nonexistent.h>
configure:4149: result: gcc -E
configure:4169: gcc -E -I../../include conftest.c
configure:4169: $? = 0
configure:4183: gcc -E -I../../include conftest.c
conftest.c:13:10: fatal error: ac_nonexistent.h: No such file or directory
   13 | #include <ac_nonexistent.h>
      |          ^~~~~~~~~~~~~~~~~~
compilation terminated.
configure:4183: $? = 1
configure: failed program was:
| /* confdefs.h */
| #define PACKAGE_NAME "libnsfb"
| #define PACKAGE_TARNAME "libnsfb"
| #define PACKAGE_VERSION "1.0.0"
| #define PACKAGE_STRING "libnsfb 1.0.0"
| #define PACKAGE_BUGREPORT ""
| #define PACKAGE_URL ""
| #define PACKAGE "libnsfb"
| #define VERSION "1.0.0"
| #define BUILD_DATE "Thu Mar  2 15:21:35 CET 2023"
| #define AUTHORS "Jose Angel Caso Sanchez (JACS) jascaso@gijon.es"
| /* end confdefs.h.  */
| #include <ac_nonexistent.h>
configure:4212: checking for grep that handles long lines and -e
configure:4270: result: /usr/bin/grep
configure:4275: checking for egrep
configure:4337: result: /usr/bin/grep -E
configure:4342: checking for ANSI C header files
configure:4362: gcc -c -g -O2 -I../../include conftest.c >&5
configure:4362: $? = 0
configure:4435: gcc -o conftest -g -O2 -I../../include  conftest.c  >&5
configure:4435: $? = 0
configure:4435: ./conftest
configure:4435: $? = 0
configure:4446: result: yes
configure:4459: checking for sys/types.h
configure:4459: gcc -c -g -O2 -I../../include conftest.c >&5
configure:4459: $? = 0
configure:4459: result: yes
configure:4459: checking for sys/stat.h
configure:4459: gcc -c -g -O2 -I../../include conftest.c >&5
configure:4459: $? = 0
configure:4459: result: yes
configure:4459: checking for stdlib.h
configure:4459: gcc -c -g -O2 -I../../include conftest.c >&5
configure:4459: $? = 0
configure:4459: result: yes
configure:4459: checking for string.h
configure:4459: gcc -c -g -O2 -I../../include conftest.c >&5
configure:4459: $? = 0
configure:4459: result: yes
configure:4459: checking for memory.h
configure:4459: gcc -c -g -O2 -I../../include conftest.c >&5
configure:4459: $? = 0
configure:4459: result: yes
configure:4459: checking for strings.h
configure:4459: gcc -c -g -O2 -I../../include conftest.c >&5
configure:4459: $? = 0
configure:4459: result: yes
configure:4459: checking for inttypes.h
configure:4459: gcc -c -g -O2 -I../../include conftest.c >&5
configure:4459: $? = 0
configure:4459: result: yes
configure:4459: checking for stdint.h
configure:4459: gcc -c -g -O2 -I../../include conftest.c >&5
configure:4459: $? = 0
configure:4459: result: yes
configure:4459: checking for unistd.h
configure:4459: gcc -c -g -O2 -I../../include conftest.c >&5
configure:4459: $? = 0
configure:4459: result: yes
configure:4475: checking size of int      
configure:4480: gcc -o conftest -g -O2 -I../../include  conftest.c  >&5
configure:4480: $? = 0
configure:4480: ./conftest
configure:4480: $? = 0
configure:4494: result: 4
configure:4508: checking size of void *   
configure:4513: gcc -o conftest -g -O2 -I../../include  conftest.c  >&5
configure:4513: $? = 0
configure:4513: ./conftest
configure:4513: $? = 0
configure:4527: result: 8
configure:4541: checking size of long long
configure:4546: gcc -o conftest -g -O2 -I../../include  conftest.c  >&5
configure:4546: $? = 0
configure:4546: ./conftest
configure:4546: $? = 0
configure:4560: result: 8
configure:4570: checking whether byte ordering is bigendian
configure:4585: gcc -c -g -O2 -I../../include conftest.c >&5
conftest.c:27:16: error: unknown type name 'not'
   27 |                not a universal capable compiler
      |                ^~~
conftest.c:27:22: error: expected '=', ',', ';', 'asm' or '__attribute__' before 'universal'
   27 |                not a universal capable compiler
      |                      ^~~~~~~~~
conftest.c:27:22: error: unknown type name 'universal'
configure:4585: $? = 1
configure: failed program was:
| /* confdefs.h */
| #define PACKAGE_NAME "libnsfb"
| #define PACKAGE_TARNAME "libnsfb"
| #define PACKAGE_VERSION "1.0.0"
| #define PACKAGE_STRING "libnsfb 1.0.0"
| #define PACKAGE_BUGREPORT ""
| #define PACKAGE_URL ""
| #define PACKAGE "libnsfb"
| #define VERSION "1.0.0"
| #define BUILD_DATE "Thu Mar  2 15:21:35 CET 2023"
| #define AUTHORS "Jose Angel Caso Sanchez (JACS) jascaso@gijon.es"
| #define STDC_HEADERS 1
| #define HAVE_SYS_TYPES_H 1
| #define HAVE_SYS_STAT_H 1
| #define HAVE_STDLIB_H 1
| #define HAVE_STRING_H 1
| #define HAVE_MEMORY_H 1
| #define HAVE_STRINGS_H 1
| #define HAVE_INTTYPES_H 1
| #define HAVE_STDINT_H 1
| #define HAVE_UNISTD_H 1
| #define SIZEOF_INT______ 4
| #define SIZEOF_VOID_P___ 8
| #define SIZEOF_LONG_LONG 8
| /* end confdefs.h.  */
| #ifndef __APPLE_CC__
| 	       not a universal capable compiler
| 	     #endif
| 	     typedef int dummy;
| 
configure:4630: gcc -c -g -O2 -I../../include conftest.c >&5
configure:4630: $? = 0
configure:4648: gcc -c -g -O2 -I../../include conftest.c >&5
conftest.c: In function 'main':
conftest.c:33:18: error: unknown type name 'not'; did you mean 'ino_t'?
   33 |                  not big endian
      |                  ^~~
      |                  ino_t
conftest.c:33:26: error: expected '=', ',', ';', 'asm' or '__attribute__' before 'endian'
   33 |                  not big endian
      |                          ^~~~~~
configure:4648: $? = 1
configure: failed program was:
| /* confdefs.h */
| #define PACKAGE_NAME "libnsfb"
| #define PACKAGE_TARNAME "libnsfb"
| #define PACKAGE_VERSION "1.0.0"
| #define PACKAGE_STRING "libnsfb 1.0.0"
| #define PACKAGE_BUGREPORT ""
| #define PACKAGE_URL ""
| #define PACKAGE "libnsfb"
| #define VERSION "1.0.0"
| #define BUILD_DATE "Thu Mar  2 15:21:35 CET 2023"
| #define AUTHORS "Jose Angel Caso Sanchez (JACS) jascaso@gijon.es"
| #define STDC_HEADERS 1
| #define HAVE_SYS_TYPES_H 1
| #define HAVE_SYS_STAT_H 1
| #define HAVE_STDLIB_H 1
| #define HAVE_STRING_H 1
| #define HAVE_MEMORY_H 1
| #define HAVE_STRINGS_H 1
| #define HAVE_INTTYPES_H 1
| #define HAVE_STDINT_H 1
| #define HAVE_UNISTD_H 1
| #define SIZEOF_INT______ 4
| #define SIZEOF_VOID_P___ 8
| #define SIZEOF_LONG_LONG 8
| /* end confdefs.h.  */
| #include <sys/types.h>
| 		#include <sys/param.h>
| 
| int
| main ()
| {
| #if BYTE_ORDER != BIG_ENDIAN
| 		 not big endian
| 		#endif
| 
|   ;
|   return 0;
| }
configure:4776: result: no
configure:4794: checking for an ANSI C-conforming const
configure:4860: gcc -c -g -O2 -I../../include conftest.c >&5
configure:4860: $? = 0
configure:4867: result: yes
configure:4875: checking for inline
configure:4891: gcc -c -g -O2 -I../../include conftest.c >&5
configure:4891: $? = 0
configure:4899: result: inline
configure:4919: checking for mode_t
configure:4919: gcc -c -g -O2 -I../../include conftest.c >&5
configure:4919: $? = 0
configure:4919: gcc -c -g -O2 -I../../include conftest.c >&5
conftest.c: In function 'main':
conftest.c:62:21: error: expected expression before ')' token
   62 | if (sizeof ((mode_t)))
      |                     ^
configure:4919: $? = 1
configure: failed program was:
| /* confdefs.h */
| #define PACKAGE_NAME "libnsfb"
| #define PACKAGE_TARNAME "libnsfb"
| #define PACKAGE_VERSION "1.0.0"
| #define PACKAGE_STRING "libnsfb 1.0.0"
| #define PACKAGE_BUGREPORT ""
| #define PACKAGE_URL ""
| #define PACKAGE "libnsfb"
| #define VERSION "1.0.0"
| #define BUILD_DATE "Thu Mar  2 15:21:35 CET 2023"
| #define AUTHORS "Jose Angel Caso Sanchez (JACS) jascaso@gijon.es"
| #define STDC_HEADERS 1
| #define HAVE_SYS_TYPES_H 1
| #define HAVE_SYS_STAT_H 1
| #define HAVE_STDLIB_H 1
| #define HAVE_STRING_H 1
| #define HAVE_MEMORY_H 1
| #define HAVE_STRINGS_H 1
| #define HAVE_INTTYPES_H 1
| #define HAVE_STDINT_H 1
| #define HAVE_UNISTD_H 1
| #define SIZEOF_INT______ 4
| #define SIZEOF_VOID_P___ 8
| #define SIZEOF_LONG_LONG 8
| /* end confdefs.h.  */
| #include <stdio.h>
| #ifdef HAVE_SYS_TYPES_H
| # include <sys/types.h>
| #endif
| #ifdef HAVE_SYS_STAT_H
| # include <sys/stat.h>
| #endif
| #ifdef STDC_HEADERS
| # include <stdlib.h>
| # include <stddef.h>
| #else
| # ifdef HAVE_STDLIB_H
| #  include <stdlib.h>
| # endif
| #endif
| #ifdef HAVE_STRING_H
| # if !defined STDC_HEADERS && defined HAVE_MEMORY_H
| #  include <memory.h>
| # endif
| # include <string.h>
| #endif
| #ifdef HAVE_STRINGS_H
| # include <strings.h>
| #endif
| #ifdef HAVE_INTTYPES_H
| # include <inttypes.h>
| #endif
| #ifdef HAVE_STDINT_H
| # include <stdint.h>
| #endif
| #ifdef HAVE_UNISTD_H
| # include <unistd.h>
| #endif
| int
| main ()
| {
| if (sizeof ((mode_t)))
| 	    return 0;
|   ;
|   return 0;
| }
configure:4919: result: yes
configure:4930: checking for off_t
configure:4930: gcc -c -g -O2 -I../../include conftest.c >&5
configure:4930: $? = 0
configure:4930: gcc -c -g -O2 -I../../include conftest.c >&5
conftest.c: In function 'main':
conftest.c:62:20: error: expected expression before ')' token
   62 | if (sizeof ((off_t)))
      |                    ^
configure:4930: $? = 1
configure: failed program was:
| /* confdefs.h */
| #define PACKAGE_NAME "libnsfb"
| #define PACKAGE_TARNAME "libnsfb"
| #define PACKAGE_VERSION "1.0.0"
| #define PACKAGE_STRING "libnsfb 1.0.0"
| #define PACKAGE_BUGREPORT ""
| #define PACKAGE_URL ""
| #define PACKAGE "libnsfb"
| #define VERSION "1.0.0"
| #define BUILD_DATE "Thu Mar  2 15:21:35 CET 2023"
| #define AUTHORS "Jose Angel Caso Sanchez (JACS) jascaso@gijon.es"
| #define STDC_HEADERS 1
| #define HAVE_SYS_TYPES_H 1
| #define HAVE_SYS_STAT_H 1
| #define HAVE_STDLIB_H 1
| #define HAVE_STRING_H 1
| #define HAVE_MEMORY_H 1
| #define HAVE_STRINGS_H 1
| #define HAVE_INTTYPES_H 1
| #define HAVE_STDINT_H 1
| #define HAVE_UNISTD_H 1
| #define SIZEOF_INT______ 4
| #define SIZEOF_VOID_P___ 8
| #define SIZEOF_LONG_LONG 8
| /* end confdefs.h.  */
| #include <stdio.h>
| #ifdef HAVE_SYS_TYPES_H
| # include <sys/types.h>
| #endif
| #ifdef HAVE_SYS_STAT_H
| # include <sys/stat.h>
| #endif
| #ifdef STDC_HEADERS
| # include <stdlib.h>
| # include <stddef.h>
| #else
| # ifdef HAVE_STDLIB_H
| #  include <stdlib.h>
| # endif
| #endif
| #ifdef HAVE_STRING_H
| # if !defined STDC_HEADERS && defined HAVE_MEMORY_H
| #  include <memory.h>
| # endif
| # include <string.h>
| #endif
| #ifdef HAVE_STRINGS_H
| # include <strings.h>
| #endif
| #ifdef HAVE_INTTYPES_H
| # include <inttypes.h>
| #endif
| #ifdef HAVE_STDINT_H
| # include <stdint.h>
| #endif
| #ifdef HAVE_UNISTD_H
| # include <unistd.h>
| #endif
| int
| main ()
| {
| if (sizeof ((off_t)))
| 	    return 0;
|   ;
|   return 0;
| }
configure:4930: result: yes
configure:4941: checking for size_t
configure:4941: gcc -c -g -O2 -I../../include conftest.c >&5
configure:4941: $? = 0
configure:4941: gcc -c -g -O2 -I../../include conftest.c >&5
conftest.c: In function 'main':
conftest.c:62:21: error: expected expression before ')' token
   62 | if (sizeof ((size_t)))
      |                     ^
configure:4941: $? = 1
configure: failed program was:
| /* confdefs.h */
| #define PACKAGE_NAME "libnsfb"
| #define PACKAGE_TARNAME "libnsfb"
| #define PACKAGE_VERSION "1.0.0"
| #define PACKAGE_STRING "libnsfb 1.0.0"
| #define PACKAGE_BUGREPORT ""
| #define PACKAGE_URL ""
| #define PACKAGE "libnsfb"
| #define VERSION "1.0.0"
| #define BUILD_DATE "Thu Mar  2 15:21:35 CET 2023"
| #define AUTHORS "Jose Angel Caso Sanchez (JACS) jascaso@gijon.es"
| #define STDC_HEADERS 1
| #define HAVE_SYS_TYPES_H 1
| #define HAVE_SYS_STAT_H 1
| #define HAVE_STDLIB_H 1
| #define HAVE_STRING_H 1
| #define HAVE_MEMORY_H 1
| #define HAVE_STRINGS_H 1
| #define HAVE_INTTYPES_H 1
| #define HAVE_STDINT_H 1
| #define HAVE_UNISTD_H 1
| #define SIZEOF_INT______ 4
| #define SIZEOF_VOID_P___ 8
| #define SIZEOF_LONG_LONG 8
| /* end confdefs.h.  */
| #include <stdio.h>
| #ifdef HAVE_SYS_TYPES_H
| # include <sys/types.h>
| #endif
| #ifdef HAVE_SYS_STAT_H
| # include <sys/stat.h>
| #endif
| #ifdef STDC_HEADERS
| # include <stdlib.h>
| # include <stddef.h>
| #else
| # ifdef HAVE_STDLIB_H
| #  include <stdlib.h>
| # endif
| #endif
| #ifdef HAVE_STRING_H
| # if !defined STDC_HEADERS && defined HAVE_MEMORY_H
| #  include <memory.h>
| # endif
| # include <string.h>
| #endif
| #ifdef HAVE_STRINGS_H
| # include <strings.h>
| #endif
| #ifdef HAVE_INTTYPES_H
| # include <inttypes.h>
| #endif
| #ifdef HAVE_STDINT_H
| # include <stdint.h>
| #endif
| #ifdef HAVE_UNISTD_H
| # include <unistd.h>
| #endif
| int
| main ()
| {
| if (sizeof ((size_t)))
| 	    return 0;
|   ;
|   return 0;
| }
configure:4941: result: yes
configure:4952: checking for byte
configure:4952: gcc -c -g -O2 -I../../include conftest.c >&5
conftest.c: In function 'main':
conftest.c:62:13: error: 'byte' undeclared (first use in this function)
   62 | if (sizeof (byte))
      |             ^~~~
conftest.c:62:13: note: each undeclared identifier is reported only once for each function it appears in
configure:4952: $? = 1
configure: failed program was:
| /* confdefs.h */
| #define PACKAGE_NAME "libnsfb"
| #define PACKAGE_TARNAME "libnsfb"
| #define PACKAGE_VERSION "1.0.0"
| #define PACKAGE_STRING "libnsfb 1.0.0"
| #define PACKAGE_BUGREPORT ""
| #define PACKAGE_URL ""
| #define PACKAGE "libnsfb"
| #define VERSION "1.0.0"
| #define BUILD_DATE "Thu Mar  2 15:21:35 CET 2023"
| #define AUTHORS "Jose Angel Caso Sanchez (JACS) jascaso@gijon.es"
| #define STDC_HEADERS 1
| #define HAVE_SYS_TYPES_H 1
| #define HAVE_SYS_STAT_H 1
| #define HAVE_STDLIB_H 1
| #define HAVE_STRING_H 1
| #define HAVE_MEMORY_H 1
| #define HAVE_STRINGS_H 1
| #define HAVE_INTTYPES_H 1
| #define HAVE_STDINT_H 1
| #define HAVE_UNISTD_H 1
| #define SIZEOF_INT______ 4
| #define SIZEOF_VOID_P___ 8
| #define SIZEOF_LONG_LONG 8
| /* end confdefs.h.  */
| #include <stdio.h>
| #ifdef HAVE_SYS_TYPES_H
| # include <sys/types.h>
| #endif
| #ifdef HAVE_SYS_STAT_H
| # include <sys/stat.h>
| #endif
| #ifdef STDC_HEADERS
| # include <stdlib.h>
| # include <stddef.h>
| #else
| # ifdef HAVE_STDLIB_H
| #  include <stdlib.h>
| # endif
| #endif
| #ifdef HAVE_STRING_H
| # if !defined STDC_HEADERS && defined HAVE_MEMORY_H
| #  include <memory.h>
| # endif
| # include <string.h>
| #endif
| #ifdef HAVE_STRINGS_H
| # include <strings.h>
| #endif
| #ifdef HAVE_INTTYPES_H
| # include <inttypes.h>
| #endif
| #ifdef HAVE_STDINT_H
| # include <stdint.h>
| #endif
| #ifdef HAVE_UNISTD_H
| # include <unistd.h>
| #endif
| int
| main ()
| {
| if (sizeof (byte))
| 	 return 0;
|   ;
|   return 0;
| }
configure:4952: result: no
configure:4963: checking for word
configure:4963: gcc -c -g -O2 -I../../include conftest.c >&5
conftest.c: In function 'main':
conftest.c:63:13: error: 'word' undeclared (first use in this function)
   63 | if (sizeof (word))
      |             ^~~~
conftest.c:63:13: note: each undeclared identifier is reported only once for each function it appears in
configure:4963: $? = 1
configure: failed program was:
| /* confdefs.h */
| #define PACKAGE_NAME "libnsfb"
| #define PACKAGE_TARNAME "libnsfb"
| #define PACKAGE_VERSION "1.0.0"
| #define PACKAGE_STRING "libnsfb 1.0.0"
| #define PACKAGE_BUGREPORT ""
| #define PACKAGE_URL ""
| #define PACKAGE "libnsfb"
| #define VERSION "1.0.0"
| #define BUILD_DATE "Thu Mar  2 15:21:35 CET 2023"
| #define AUTHORS "Jose Angel Caso Sanchez (JACS) jascaso@gijon.es"
| #define STDC_HEADERS 1
| #define HAVE_SYS_TYPES_H 1
| #define HAVE_SYS_STAT_H 1
| #define HAVE_STDLIB_H 1
| #define HAVE_STRING_H 1
| #define HAVE_MEMORY_H 1
| #define HAVE_STRINGS_H 1
| #define HAVE_INTTYPES_H 1
| #define HAVE_STDINT_H 1
| #define HAVE_UNISTD_H 1
| #define SIZEOF_INT______ 4
| #define SIZEOF_VOID_P___ 8
| #define SIZEOF_LONG_LONG 8
| #define byte unsigned char
| /* end confdefs.h.  */
| #include <stdio.h>
| #ifdef HAVE_SYS_TYPES_H
| # include <sys/types.h>
| #endif
| #ifdef HAVE_SYS_STAT_H
| # include <sys/stat.h>
| #endif
| #ifdef STDC_HEADERS
| # include <stdlib.h>
| # include <stddef.h>
| #else
| # ifdef HAVE_STDLIB_H
| #  include <stdlib.h>
| # endif
| #endif
| #ifdef HAVE_STRING_H
| # if !defined STDC_HEADERS && defined HAVE_MEMORY_H
| #  include <memory.h>
| # endif
| # include <string.h>
| #endif
| #ifdef HAVE_STRINGS_H
| # include <strings.h>
| #endif
| #ifdef HAVE_INTTYPES_H
| # include <inttypes.h>
| #endif
| #ifdef HAVE_STDINT_H
| # include <stdint.h>
| #endif
| #ifdef HAVE_UNISTD_H
| # include <unistd.h>
| #endif
| int
| main ()
| {
| if (sizeof (word))
| 	 return 0;
|   ;
|   return 0;
| }
configure:4963: result: no
configure:4974: checking for dword
configure:4974: gcc -c -g -O2 -I../../include conftest.c >&5
conftest.c: In function 'main':
conftest.c:64:13: error: 'dword' undeclared (first use in this function); did you mean 'word'?
   64 | if (sizeof (dword))
      |             ^~~~~
      |             word
conftest.c:64:13: note: each undeclared identifier is reported only once for each function it appears in
configure:4974: $? = 1
configure: failed program was:
| /* confdefs.h */
| #define PACKAGE_NAME "libnsfb"
| #define PACKAGE_TARNAME "libnsfb"
| #define PACKAGE_VERSION "1.0.0"
| #define PACKAGE_STRING "libnsfb 1.0.0"
| #define PACKAGE_BUGREPORT ""
| #define PACKAGE_URL ""
| #define PACKAGE "libnsfb"
| #define VERSION "1.0.0"
| #define BUILD_DATE "Thu Mar  2 15:21:35 CET 2023"
| #define AUTHORS "Jose Angel Caso Sanchez (JACS) jascaso@gijon.es"
| #define STDC_HEADERS 1
| #define HAVE_SYS_TYPES_H 1
| #define HAVE_SYS_STAT_H 1
| #define HAVE_STDLIB_H 1
| #define HAVE_STRING_H 1
| #define HAVE_MEMORY_H 1
| #define HAVE_STRINGS_H 1
| #define HAVE_INTTYPES_H 1
| #define HAVE_STDINT_H 1
| #define HAVE_UNISTD_H 1
| #define SIZEOF_INT______ 4
| #define SIZEOF_VOID_P___ 8
| #define SIZEOF_LONG_LONG 8
| #define byte unsigned char
| #define word unsigned short
| /* end confdefs.h.  */
| #include <stdio.h>
| #ifdef HAVE_SYS_TYPES_H
| # include <sys/types.h>
| #endif
| #ifdef HAVE_SYS_STAT_H
| # include <sys/stat.h>
| #endif
| #ifdef STDC_HEADERS
| # include <stdlib.h>
| # include <stddef.h>
| #else
| # ifdef HAVE_STDLIB_H
| #  include <stdlib.h>
| # endif
| #endif
| #ifdef HAVE_STRING_H
| # if !defined STDC_HEADERS && defined HAVE_MEMORY_H
| #  include <memory.h>
| # endif
| # include <string.h>
| #endif
| #ifdef HAVE_STRINGS_H
| # include <strings.h>
| #endif
| #ifdef HAVE_INTTYPES_H
| # include <inttypes.h>
| #endif
| #ifdef HAVE_STDINT_H
| # include <stdint.h>
| #endif
| #ifdef HAVE_UNISTD_H
| # include <unistd.h>
| #endif
| int
| main ()
| {
| if (sizeof (dword))
| 	 return 0;
|   ;
|   return 0;
| }
configure:4974: result: no
configure:5015: checking build system type
configure:5029: result: x86_64-pc-linux-gnu
configure:5049: checking host system type
configure:5062: result: x86_64-pc-linux-gnu
configure:5103: checking how to print strings
configure:5130: result: printf
configure:5151: checking for a sed that does not truncate output
configure:5215: result: /usr/bin/sed
configure:5233: checking for fgrep
configure:5295: result: /usr/bin/grep -F
configure:5330: checking for ld used by gcc
configure:5397: result: /usr/bin/ld
configure:5404: checking if the linker (/usr/bin/ld) is GNU ld
configure:5419: result: yes
configure:5431: checking for BSD- or MS-compatible name lister (nm)
configure:5485: result: /usr/bin/nm -B
configure:5615: checking the name lister (/usr/bin/nm -B) interface
configure:5622: gcc -c -g -O2 -I../../include conftest.c >&5
configure:5625: /usr/bin/nm -B "conftest.o"
configure:5628: output
0000000000000000 B some_variable
configure:5635: result: BSD nm
configure:5638: checking whether ln -s works
configure:5642: result: yes
configure:5650: checking the maximum length of command line arguments
configure:5781: result: 1572864
configure:5829: checking how to convert x86_64-pc-linux-gnu file names to x86_64-pc-linux-gnu format
configure:5869: result: func_convert_file_noop
configure:5876: checking how to convert x86_64-pc-linux-gnu file names to toolchain format
configure:5896: result: func_convert_file_noop
configure:5903: checking for /usr/bin/ld option to reload object files
configure:5910: result: -r
configure:5984: checking for objdump
configure:6000: found /usr/bin/objdump
configure:6011: result: objdump
configure:6043: checking how to recognize dependent libraries
configure:6243: result: pass_all
configure:6328: checking for dlltool
configure:6344: found /usr/bin/dlltool
configure:6355: result: dlltool
configure:6388: checking how to associate runtime and link libraries
configure:6415: result: printf %s\n
configure:6475: checking for ar
configure:6491: found /usr/bin/ar
configure:6502: result: ar
configure:6539: checking for archiver @FILE support
configure:6556: gcc -c -g -O2 -I../../include conftest.c >&5
configure:6556: $? = 0
configure:6559: ar cru libconftest.a @conftest.lst >&5
configure:6562: $? = 0
configure:6567: ar cru libconftest.a @conftest.lst >&5
ar: conftest.o: No such file or directory
configure:6570: $? = 1
configure:6582: result: @
configure:6640: checking for strip
configure:6656: found /usr/bin/strip
configure:6667: result: strip
configure:6739: checking for ranlib
configure:6755: found /usr/bin/ranlib
configure:6766: result: ranlib
configure:6868: checking command to parse /usr/bin/nm -B output from gcc object
configure:7021: gcc -c -g -O2 -I../../include conftest.c >&5
configure:7024: $? = 0
configure:7028: /usr/bin/nm -B conftest.o \| sed -n -e 's/^.*[ ]\([ABCDGIRSTW][ABCDGIRSTW]*\)[ ][ ]*\([_A-Za-z][_A-Za-z0-9]*\)$/\1 \2 \2/p' | sed '/ __gnu_lto/d' \> conftest.nm
configure:7031: $? = 0
configure:7097: gcc -o conftest -g -O2 -I../../include  conftest.c conftstm.o >&5
configure:7100: $? = 0
configure:7138: result: ok
configure:7185: checking for sysroot
configure:7215: result: no
configure:7222: checking for a working dd
configure:7260: result: /usr/bin/dd
configure:7264: checking how to truncate binary pipes
configure:7279: result: /usr/bin/dd bs=4096 count=1
configure:7415: gcc -c -g -O2 -I../../include conftest.c >&5
configure:7418: $? = 0
configure:7608: checking for mt
configure:7624: found /bin/mt
configure:7635: result: mt
configure:7658: checking if mt is a manifest tool
configure:7664: mt '-?'
usage: mt [-v] [--version] [-h] [ -f device ] command [ count ]
default tape device: /dev/tape
configure:7672: result: no
configure:8346: checking for dlfcn.h
configure:8346: gcc -c -g -O2 -I../../include conftest.c >&5
configure:8346: $? = 0
configure:8346: result: yes
configure:8602: checking for objdir
configure:8617: result: .libs
configure:8881: checking if gcc supports -fno-rtti -fno-exceptions
configure:8899: gcc -c -g -O2 -I../../include -fno-rtti -fno-exceptions conftest.c >&5
cc1: warning: command-line option '-fno-rtti' is valid for C++/D/ObjC++ but not for C
configure:8903: $? = 0
configure:8916: result: no
configure:9274: checking for gcc option to produce PIC
configure:9281: result: -fPIC -DPIC
configure:9289: checking if gcc PIC flag -fPIC -DPIC works
configure:9307: gcc -c -g -O2 -I../../include -fPIC -DPIC -DPIC conftest.c >&5
configure:9311: $? = 0
configure:9324: result: yes
configure:9353: checking if gcc static flag -static works
configure:9381: result: yes
configure:9396: checking if gcc supports -c -o file.o
configure:9417: gcc -c -g -O2 -I../../include -o out/conftest2.o conftest.c >&5
configure:9421: $? = 0
configure:9443: result: yes
configure:9451: checking if gcc supports -c -o file.o
configure:9498: result: yes
configure:9531: checking whether the gcc linker (/usr/bin/ld -m elf_x86_64) supports shared libraries
configure:10790: result: yes
configure:10827: checking whether -lc should be explicitly linked in
configure:10835: gcc -c -g -O2 -I../../include conftest.c >&5
configure:10838: $? = 0
configure:10853: gcc -shared  -fPIC -DPIC conftest.o  -v -Wl,-soname -Wl,conftest -o conftest 2\>\&1 \| /usr/bin/grep  -lc  \>/dev/null 2\>\&1
configure:10856: $? = 0
configure:10870: result: no
configure:11030: checking dynamic linker characteristics
configure:11611: gcc -o conftest -g -O2 -I../../include  -Wl,-rpath -Wl,/foo conftest.c  >&5
configure:11611: $? = 0
configure:11848: result: GNU/Linux ld.so
configure:11970: checking how to hardcode library paths into programs
configure:11995: result: immediate
configure:12543: checking whether stripping libraries is possible
configure:12548: result: yes
configure:12583: checking if libtool supports shared libraries
configure:12585: result: yes
configure:12588: checking whether to build shared libraries
configure:12613: result: yes
configure:12616: checking whether to build static libraries
configure:12620: result: yes
configure:12668: checking for drmError in -ldrm
configure:12693: gcc -o conftest -g -O2 -I../../include  conftest.c -ldrm   >&5
configure:12693: $? = 0
configure:12702: result: yes
configure:12716: checking for gifError in -lgif
configure:12741: gcc -o conftest -g -O2 -I../../include  conftest.c -lgif   >&5
/usr/bin/ld: /tmp/cczcDghS.o: in function `main':
/home/src/libnsfb-1.0.0/img/conftest.c:43: undefined reference to `gifError'
collect2: error: ld returned 1 exit status
configure:12741: $? = 1
configure: failed program was:
| /* confdefs.h */
| #define PACKAGE_NAME "libnsfb"
| #define PACKAGE_TARNAME "libnsfb"
| #define PACKAGE_VERSION "1.0.0"
| #define PACKAGE_STRING "libnsfb 1.0.0"
| #define PACKAGE_BUGREPORT ""
| #define PACKAGE_URL ""
| #define PACKAGE "libnsfb"
| #define VERSION "1.0.0"
| #define BUILD_DATE "Thu Mar  2 15:21:35 CET 2023"
| #define AUTHORS "Jose Angel Caso Sanchez (JACS) jascaso@gijon.es"
| #define STDC_HEADERS 1
| #define HAVE_SYS_TYPES_H 1
| #define HAVE_SYS_STAT_H 1
| #define HAVE_STDLIB_H 1
| #define HAVE_STRING_H 1
| #define HAVE_MEMORY_H 1
| #define HAVE_STRINGS_H 1
| #define HAVE_INTTYPES_H 1
| #define HAVE_STDINT_H 1
| #define HAVE_UNISTD_H 1
| #define SIZEOF_INT______ 4
| #define SIZEOF_VOID_P___ 8
| #define SIZEOF_LONG_LONG 8
| #define byte unsigned char
| #define word unsigned short
| #define dword unsigned int
| #define HAVE_DLFCN_H 1
| #define LT_OBJDIR ".libs/"
| #define HAVE_DRM 1
| /* end confdefs.h.  */
| 
| /* Override any GCC internal prototype to avoid an error.
|    Use char because int might match the return type of a GCC
|    builtin and then its argument prototype would still apply.  */
| #ifdef __cplusplus
| extern "C"
| #endif
| char gifError ();
| int
| main ()
| {
| return gifError ();
|   ;
|   return 0;
| }
configure:12750: result: no
configure:12758: WARNING: gif is required for GIF image format support 
configure:12818: checking for pkg-config
configure:12836: found /usr/bin/pkg-config
configure:12848: result: /usr/bin/pkg-config
configure:12873: checking pkg-config is at least version 0.9.0
configure:12876: result: yes
configure:12886: checking for freetype2 >= 2.0.9
configure:12893: $PKG_CONFIG --exists --print-errors "freetype2 >= 2.0.9"
configure:12896: $? = 0
configure:12910: $PKG_CONFIG --exists --print-errors "freetype2 >= 2.0.9"
configure:12913: $? = 0
configure:13561: result: yes
configure:13571: checking for makepkg
configure:13589: found /sbin/makepkg
configure:13602: result: /sbin/makepkg
configure:13705: checking for gcc
configure:13732: result: gcc
configure:13961: checking for C compiler version
configure:13970: gcc --version >&5
gcc (GCC) 11.2.0
Copyright (C) 2021 Free Software Foundation, Inc.
This is free software; see the source for copying conditions.  There is NO
warranty; not even for MERCHANTABILITY or FITNESS FOR A PARTICULAR PURPOSE.

configure:13981: $? = 0
configure:13970: gcc -v >&5
Reading specs from /usr/lib64/gcc/x86_64-slackware-linux/11.2.0/specs
COLLECT_GCC=gcc
COLLECT_LTO_WRAPPER=/usr/libexec/gcc/x86_64-slackware-linux/11.2.0/lto-wrapper
Target: x86_64-slackware-linux
Configured with: ../configure --prefix=/usr --libdir=/usr/lib64 --mandir=/usr/man --infodir=/usr/info --enable-shared --enable-bootstrap --enable-languages=ada,brig,c,c++,d,fortran,go,lto,objc,obj-c++ --enable-threads=posix --enable-checking=release --enable-objc-gc --with-system-zlib --enable-libstdcxx-dual-abi --with-default-libstdcxx-abi=new --disable-libstdcxx-pch --disable-libunwind-exceptions --enable-__cxa_atexit --disable-libssp --enable-gnu-unique-object --enable-plugin --enable-lto --disable-install-libiberty --disable-werror --with-gnu-ld --with-isl --verbose --with-arch-directory=amd64 --disable-gtktest --enable-clocale=gnu --disable-multilib --target=x86_64-slackware-linux --build=x86_64-slackware-linux --host=x86_64-slackware-linux
Thread model: posix
Supported LTO compression algorithms: zlib zstd
gcc version 11.2.0 (GCC) 
configure:13981: $? = 0
configure:13970: gcc -V >&5
gcc: error: unrecognized command-line option '-V'
gcc: fatal error: no input files
compilation terminated.
configure:13981: $? = 1
configure:13970: gcc -qversion >&5
gcc: error: unrecognized command-line option '-qversion'; did you mean '--version'?
gcc: fatal error: no input files
compilation terminated.
configure:13981: $? = 1
configure:13985: checking whether we are using the GNU C compiler
configure:14013: result: yes
configure:14022: checking whether gcc accepts -g
configure:14083: result: yes
configure:14100: checking for gcc option to accept ISO C89
configure:14176: result: none needed
configure:14201: checking whether gcc understands -c and -o together
configure:14238: result: yes
configure:14257: checking dependency style of gcc
configure:14368: result: gcc3
configure:14487: checking that generated files are newer than configure
configure:14493: result: done
configure:14529: creating ./config.status

## ---------------------- ##
## Running config.status. ##
## ---------------------- ##

This file was extended by libnsfb config.status 1.0.0, which was
generated by GNU Autoconf 2.69.  Invocation command line was

  CONFIG_FILES    = 
  CONFIG_HEADERS  = 
  CONFIG_LINKS    = 
  CONFIG_COMMANDS = 
  $ ./config.status 

on SLACK.gijon.local

config.status:1110: creating Makefile
config.status:1110: creating arena/Makefile
config.status:1110: creating nsfbcfg.h
config.status:1324: executing depfiles commands
config.status:1401: cd .       && sed -e '/# am--include-marker/d' Makefile         | make -f - am--depfiles
config.status:1406: $? = 0
config.status:1401: cd arena       && sed -e '/# am--include-marker/d' Makefile         | make -f - am--depfiles
make: Nothing to be done for 'am--depfiles'.
config.status:1406: $? = 0
config.status:1324: executing libtool commands

## ---------------- ##
## Cache variables. ##
## ---------------- ##

ac_cv_build=x86_64-pc-linux-gnu
ac_cv_c_bigendian=no
ac_cv_c_compiler_gnu=yes
ac_cv_c_const=yes
ac_cv_c_inline=inline
ac_cv_env_CC_set=
ac_cv_env_CC_value=
ac_cv_env_CFLAGS_set=
ac_cv_env_CFLAGS_value=
ac_cv_env_CPPFLAGS_set=
ac_cv_env_CPPFLAGS_value=
ac_cv_env_CPP_set=
ac_cv_env_CPP_value=
ac_cv_env_FT2_CFLAGS_set=
ac_cv_env_FT2_CFLAGS_value=
ac_cv_env_FT2_LIBS_set=
ac_cv_env_FT2_LIBS_value=
ac_cv_env_LDFLAGS_set=
ac_cv_env_LDFLAGS_value=
ac_cv_env_LIBS_set=
ac_cv_env_LIBS_value=
ac_cv_env_LT_SYS_LIBRARY_PATH_set=
ac_cv_env_LT_SYS_LIBRARY_PATH_value=
ac_cv_env_PKG_CONFIG_LIBDIR_set=
ac_cv_env_PKG_CONFIG_LIBDIR_value=
ac_cv_env_PKG_CONFIG_PATH_set=set
ac_cv_env_PKG_CONFIG_PATH_value=/usr/local/lib64/pkgconfig:/usr/local/share/pkgconfig:/usr/lib64/pkgconfig:/usr/share/pkgconfig:/usr/local/lib64/pkgconfig:/usr/local/share/pkgconfig
ac_cv_env_PKG_CONFIG_set=
ac_cv_env_PKG_CONFIG_value=
ac_cv_env_build_alias_set=
ac_cv_env_build_alias_value=
ac_cv_env_host_alias_set=
ac_cv_env_host_alias_value=
ac_cv_env_target_alias_set=
ac_cv_env_target_alias_value=
ac_cv_header_dlfcn_h=yes
ac_cv_header_inttypes_h=yes
ac_cv_header_memory_h=yes
ac_cv_header_stdc=yes
ac_cv_header_stdint_h=yes
ac_cv_header_stdlib_h=yes
ac_cv_header_string_h=yes
ac_cv_header_strings_h=yes
ac_cv_header_sys_stat_h=yes
ac_cv_header_sys_types_h=yes
ac_cv_header_unistd_h=yes
ac_cv_host=x86_64-pc-linux-gnu
ac_cv_lib_drm_drmError=yes
ac_cv_lib_gif_gifError=no
ac_cv_objext=o
ac_cv_path_EGREP='/usr/bin/grep -E'
ac_cv_path_FGREP='/usr/bin/grep -F'
ac_cv_path_GREP=/usr/bin/grep
ac_cv_path_SED=/usr/bin/sed
ac_cv_path_SLACKBUILD=/sbin/makepkg
ac_cv_path_ac_pt_PKG_CONFIG=/usr/bin/pkg-config
ac_cv_path_install='/usr/bin/ginstall -c'
ac_cv_path_lt_DD=/usr/bin/dd
ac_cv_path_mkdir=/usr/bin/mkdir
ac_cv_prog_AWK=gawk
ac_cv_prog_CPP='gcc -E'
ac_cv_prog_ac_ct_AR=ar
ac_cv_prog_ac_ct_CC=gcc
ac_cv_prog_ac_ct_DLLTOOL=dlltool
ac_cv_prog_ac_ct_MANIFEST_TOOL=mt
ac_cv_prog_ac_ct_OBJDUMP=objdump
ac_cv_prog_ac_ct_RANLIB=ranlib
ac_cv_prog_ac_ct_STRIP=strip
ac_cv_prog_cc_c89=
ac_cv_prog_cc_g=yes
ac_cv_prog_make_make_set=yes
ac_cv_sizeof_int______=4
ac_cv_sizeof_long_long=8
ac_cv_sizeof_void_p___=8
ac_cv_type_byte=no
ac_cv_type_dword=no
ac_cv_type_mode_t=yes
ac_cv_type_off_t=yes
ac_cv_type_size_t=yes
ac_cv_type_word=no
am_cv_CC_dependencies_compiler_type=gcc3
am_cv_make_support_nested_variables=yes
am_cv_prog_cc_c_o=yes
lt_cv_ar_at_file=@
lt_cv_archive_cmds_need_lc=no
lt_cv_deplibs_check_method=pass_all
lt_cv_file_magic_cmd='$MAGIC_CMD'
lt_cv_file_magic_test_file=
lt_cv_ld_reload_flag=-r
lt_cv_nm_interface='BSD nm'
lt_cv_objdir=.libs
lt_cv_path_LD=/usr/bin/ld
lt_cv_path_NM='/usr/bin/nm -B'
lt_cv_path_mainfest_tool=no
lt_cv_prog_compiler_c_o=yes
lt_cv_prog_compiler_pic='-fPIC -DPIC'
lt_cv_prog_compiler_pic_works=yes
lt_cv_prog_compiler_rtti_exceptions=no
lt_cv_prog_compiler_static_works=yes
lt_cv_prog_gnu_ld=yes
lt_cv_sharedlib_from_linklib_cmd='printf %s\n'
lt_cv_shlibpath_overrides_runpath=no
lt_cv_sys_global_symbol_pipe='sed -n -e '\''s/^.*[	 ]\([ABCDGIRSTW][ABCDGIRSTW]*\)[	 ][	 ]*\([_A-Za-z][_A-Za-z0-9]*\)$/\1 \2 \2/p'\'' | sed '\''/ __gnu_lto/d'\'''
lt_cv_sys_global_symbol_to_c_name_address='sed -n -e '\''s/^: \(.*\) .*$/  {"\1", (void *) 0},/p'\'' -e '\''s/^[ABCDGIRSTW][ABCDGIRSTW]* .* \(.*\)$/  {"\1", (void *) \&\1},/p'\'''
lt_cv_sys_global_symbol_to_c_name_address_lib_prefix='sed -n -e '\''s/^: \(.*\) .*$/  {"\1", (void *) 0},/p'\'' -e '\''s/^[ABCDGIRSTW][ABCDGIRSTW]* .* \(lib.*\)$/  {"\1", (void *) \&\1},/p'\'' -e '\''s/^[ABCDGIRSTW][ABCDGIRSTW]* .* \(.*\)$/  {"lib\1", (void *) \&\1},/p'\'''
lt_cv_sys_global_symbol_to_cdecl='sed -n -e '\''s/^T .* \(.*\)$/extern int \1();/p'\'' -e '\''s/^[ABCDGIRSTW][ABCDGIRSTW]* .* \(.*\)$/extern char \1;/p'\'''
lt_cv_sys_global_symbol_to_import=
lt_cv_sys_max_cmd_len=1572864
lt_cv_to_host_file_cmd=func_convert_file_noop
lt_cv_to_tool_file_cmd=func_convert_file_noop
lt_cv_truncate_bin='/usr/bin/dd bs=4096 count=1'
pkg_cv_FT2_CFLAGS='-I/usr/include/freetype2 -I/usr/include/libpng16 -I/usr/include/harfbuzz -I/usr/include/glib-2.0 -I/usr/lib64/glib-2.0/include'
pkg_cv_FT2_LIBS=-lfreetype

## ----------------- ##
## Output variables. ##
## ----------------- ##

ACLOCAL='${SHELL} /home/src/libnsfb-1.0.0/missing aclocal-1.16'
AMDEPBACKSLASH='\'
AMDEP_FALSE='#'
AMDEP_TRUE=''
AMTAR='$${TAR-tar}'
AM_BACKSLASH='\'
AM_DEFAULT_V='$(AM_DEFAULT_VERBOSITY)'
AM_DEFAULT_VERBOSITY='1'
AM_V='$(V)'
AR='ar'
AUTHORS='Jose Angel Caso Sanchez (JACS) jascaso@gijon.es'
AUTOCONF='${SHELL} /home/src/libnsfb-1.0.0/missing autoconf'
AUTOHEADER='${SHELL} /home/src/libnsfb-1.0.0/missing autoheader'
AUTOMAKE='${SHELL} /home/src/libnsfb-1.0.0/missing automake-1.16'
AWK='gawk'
BUILDING_SLACK_FALSE='#'
BUILDING_SLACK_TRUE=''
CC='gcc'
CCDEPMODE='depmode=gcc3'
CFLAGS='-g -O2'
CPP='gcc -E'
CPPFLAGS='-I../../include'
CYGPATH_W='echo'
DATE='02 March 2023'
DEFS='-DHAVE_CONFIG_H'
DEPDIR='.deps'
DIST_ROOT=''
DLLTOOL='dlltool'
DSYMUTIL=''
DUMPBIN=''
ECHO_C=''
ECHO_N='-n'
ECHO_T=''
EGREP='/usr/bin/grep -E'
EXEEXT=''
FGREP='/usr/bin/grep -F'
FT2_CFLAGS='-I/usr/include/freetype2 -I/usr/include/libpng16 -I/usr/include/harfbuzz -I/usr/include/glib-2.0 -I/usr/lib64/glib-2.0/include'
FT2_CONFIG=''
FT2_LIBS='-lfreetype'
GREP='/usr/bin/grep'
INSTALL_DATA='${INSTALL} -m 644'
INSTALL_PROGRAM='${INSTALL}'
INSTALL_SCRIPT='${INSTALL}'
INSTALL_STRIP_PROGRAM='$(install_sh) -c -s'
LD='/usr/bin/ld -m elf_x86_64'
LDFLAGS=''
LIBOBJS=''
LIBS=''
LIBTOOL='$(SHELL) $(top_builddir)/libtool'
LIPO=''
LN_S='ln -s'
LTLIBOBJS=''
LT_SYS_LIBRARY_PATH=''
MAKEINFO='${SHELL} /home/src/libnsfb-1.0.0/missing makeinfo'
MANIFEST_TOOL=':'
MKDIR_P='/usr/bin/mkdir -p'
NM='/usr/bin/nm -B'
NMEDIT=''
OBJDUMP='objdump'
OBJEXT='o'
OTOOL64=''
OTOOL=''
PACKAGE='libnsfb'
PACKAGE_BUGREPORT=''
PACKAGE_NAME='libnsfb'
PACKAGE_STRING='libnsfb 1.0.0'
PACKAGE_TARNAME='libnsfb'
PACKAGE_URL=''
PACKAGE_VERSION='1.0.0'
PATH_SEPARATOR=':'
PKG_CONFIG='/usr/bin/pkg-config'
PKG_CONFIG_LIBDIR=''
PKG_CONFIG_PATH='/usr/local/lib64/pkgconfig:/usr/local/share/pkgconfig:/usr/lib64/pkgconfig:/usr/share/pkgconfig:/usr/local/lib64/pkgconfig:/usr/local/share/pkgconfig'
RANLIB='ranlib'
SED='/usr/bin/sed'
SET_MAKE=''
SHELL='/bin/sh'
SLACKBUILD='/sbin/makepkg'
STRIP='strip'
SVN_BUILD='73'
VERSION='1.0.0'
WINDOWS_FALSE=''
WINDOWS_TRUE='#'
ac_ct_AR='ar'
ac_ct_CC='gcc'
ac_ct_DUMPBIN=''
am__EXEEXT_FALSE=''
am__EXEEXT_TRUE='#'
am__fastdepCC_FALSE='#'
am__fastdepCC_TRUE=''
am__include='include'
am__isrc=' -I$(srcdir)'
am__leading_dot='.'
am__nodep='_no'
am__quote=''
am__tar='$${TAR-tar} chof - "$$tardir"'
am__untar='$${TAR-tar} xf -'
bindir='${exec_prefix}/bin'
build='x86_64-pc-linux-gnu'
build_alias=''
build_cpu='x86_64'
build_os='linux-gnu'
build_vendor='pc'
datadir='${datarootdir}'
datarootdir='${prefix}/share'
docdir='${datarootdir}/doc/${PACKAGE_TARNAME}'
dvidir='${docdir}'
exec_prefix='${prefix}'
host='x86_64-pc-linux-gnu'
host_alias=''
host_cpu='x86_64'
host_os='linux-gnu'
host_vendor='pc'
htmldir='${docdir}'
includedir='${prefix}/include'
infodir='${datarootdir}/info'
install_sh='${SHELL} /home/src/libnsfb-1.0.0/install-sh'
libdir='${exec_prefix}/lib'
libexecdir='${exec_prefix}/libexec'
localedir='${datarootdir}/locale'
localstatedir='${prefix}/var'
mandir='${datarootdir}/man'
mkdir_p='$(MKDIR_P)'
oldincludedir='/usr/include'
pdfdir='${docdir}'
prefix='/usr/local'
program_transform_name='s,x,x,'
psdir='${docdir}'
sbindir='${exec_prefix}/sbin'
sharedstatedir='${prefix}/com'
sysconfdir='${prefix}/etc'
target_alias=''

## ----------- ##
## confdefs.h. ##
## ----------- ##

/* confdefs.h */
#define PACKAGE_NAME "libnsfb"
#define PACKAGE_TARNAME "libnsfb"
#define PACKAGE_VERSION "1.0.0"
#define PACKAGE_STRING "libnsfb 1.0.0"
#define PACKAGE_BUGREPORT ""
#define PACKAGE_URL ""
#define PACKAGE "libnsfb"
#define VERSION "1.0.0"
#define BUILD_DATE "Thu Mar  2 15:21:35 CET 2023"
#define AUTHORS "Jose Angel Caso Sanchez (JACS) jascaso@gijon.es"
#define STDC_HEADERS 1
#define HAVE_SYS_TYPES_H 1
#define HAVE_SYS_STAT_H 1
#define HAVE_STDLIB_H 1
#define HAVE_STRING_H 1
#define HAVE_MEMORY_H 1
#define HAVE_STRINGS_H 1
#define HAVE_INTTYPES_H 1
#define HAVE_STDINT_H 1
#define HAVE_UNISTD_H 1
#define SIZEOF_INT______ 4
#define SIZEOF_VOID_P___ 8
#define SIZEOF_LONG_LONG 8
#define byte unsigned char
#define word unsigned short
#define dword unsigned int
#define HAVE_DLFCN_H 1
#define LT_OBJDIR ".libs/"
#define HAVE_DRM 1
#define AUTHORS "Jose Angel Caso Sanchez (JACS) jascaso@gijon.es"

configure: exit 0
